2025-04-15 21:29:45,048 [INFO] Watching for file changes with StatReloader
2025-04-15 21:33:34,531 [INFO] C:\Users\User\OneDrive\Documenten\GitHub\leaders_jersey\leaders_jersey\etl\extract\extract_startlist.py changed, reloading.
2025-04-15 21:33:35,927 [INFO] Watching for file changes with StatReloader
2025-04-16 09:35:40,789 [INFO] Watching for file changes with StatReloader
2025-04-16 09:36:19,391 [WARNING] Not Found: /favicon.ico
2025-04-16 13:59:03,084 [INFO] C:\Users\User\OneDrive\Documenten\GitHub\leaders_jersey\leaders_jersey\etl\extract\extract_stage.py changed, reloading.
2025-04-16 13:59:07,548 [INFO] Watching for file changes with StatReloader
2025-04-16 13:59:36,926 [INFO] C:\Users\User\OneDrive\Documenten\GitHub\leaders_jersey\leaders_jersey\etl\extract\extract_stage.py changed, reloading.
2025-04-16 13:59:38,248 [INFO] Watching for file changes with StatReloader
2025-04-16 14:07:15,079 [INFO] C:\Users\User\OneDrive\Documenten\GitHub\leaders_jersey\leaders_jersey\etl\extract\extract_stage.py changed, reloading.
2025-04-16 14:07:16,451 [INFO] Watching for file changes with StatReloader
2025-04-16 14:09:13,583 [INFO] C:\Users\User\OneDrive\Documenten\GitHub\leaders_jersey\leaders_jersey\etl\extract\extract_stage.py changed, reloading.
2025-04-16 14:09:15,036 [INFO] Watching for file changes with StatReloader
2025-04-16 14:14:34,361 [INFO] C:\Users\User\OneDrive\Documenten\GitHub\leaders_jersey\leaders_jersey\etl\transform\transform_stage_info.py changed, reloading.
2025-04-16 14:14:35,775 [INFO] Watching for file changes with StatReloader
2025-04-16 14:15:10,350 [INFO] C:\Users\User\OneDrive\Documenten\GitHub\leaders_jersey\leaders_jersey\etl\transform\transform_stage_info.py changed, reloading.
2025-04-16 14:15:11,726 [INFO] Watching for file changes with StatReloader
2025-04-16 14:16:47,705 [INFO] C:\Users\User\OneDrive\Documenten\GitHub\leaders_jersey\leaders_jersey\etl\transform\transform_stage_info.py changed, reloading.
2025-04-16 14:16:49,092 [INFO] Watching for file changes with StatReloader
2025-04-16 14:18:17,610 [INFO] C:\Users\User\OneDrive\Documenten\GitHub\leaders_jersey\leaders_jersey\etl\transform\transform_stage_info.py changed, reloading.
2025-04-16 14:18:18,962 [INFO] Watching for file changes with StatReloader
2025-04-16 14:20:04,642 [INFO] C:\Users\User\OneDrive\Documenten\GitHub\leaders_jersey\leaders_jersey\etl\transform\transform_stage_info.py changed, reloading.
2025-04-16 14:20:06,077 [INFO] Watching for file changes with StatReloader
2025-04-16 14:20:50,235 [INFO] C:\Users\User\OneDrive\Documenten\GitHub\leaders_jersey\leaders_jersey\etl\transform\transform_stage_info.py changed, reloading.
2025-04-16 14:20:51,647 [INFO] Watching for file changes with StatReloader
2025-04-16 14:21:00,784 [INFO] C:\Users\User\OneDrive\Documenten\GitHub\leaders_jersey\leaders_jersey\etl\transform\transform_stage_info.py changed, reloading.
2025-04-16 14:21:02,286 [INFO] Watching for file changes with StatReloader
2025-04-16 14:23:05,871 [INFO] C:\Users\User\OneDrive\Documenten\GitHub\leaders_jersey\leaders_jersey\etl\transform\transform_startlist.py changed, reloading.
2025-04-16 14:23:07,345 [INFO] Watching for file changes with StatReloader
2025-04-16 14:23:54,779 [INFO] C:\Users\User\OneDrive\Documenten\GitHub\leaders_jersey\leaders_jersey\etl\transform\transform_startlist.py changed, reloading.
2025-04-16 14:23:56,161 [INFO] Watching for file changes with StatReloader
2025-04-16 15:10:36,792 [INFO] C:\Users\User\OneDrive\Documenten\GitHub\leaders_jersey\leaders_jersey\etl\load\load_stage_info.py changed, reloading.
2025-04-16 15:10:38,865 [INFO] Watching for file changes with StatReloader
2025-04-16 15:13:51,170 [INFO] C:\Users\User\OneDrive\Documenten\GitHub\leaders_jersey\leaders_jersey\etl\load\load_stage_info.py changed, reloading.
2025-04-16 15:13:52,595 [INFO] Watching for file changes with StatReloader
2025-04-16 15:13:59,577 [INFO] C:\Users\User\OneDrive\Documenten\GitHub\leaders_jersey\leaders_jersey\etl\load\load_stage_info.py changed, reloading.
2025-04-16 15:14:01,052 [INFO] Watching for file changes with StatReloader
2025-04-16 15:29:15,957 [INFO] C:\Users\User\OneDrive\Documenten\GitHub\leaders_jersey\leaders_jersey\etl\load\load_stage_info.py changed, reloading.
2025-04-16 15:29:17,484 [INFO] Watching for file changes with StatReloader
2025-04-16 15:31:16,717 [INFO] C:\Users\User\OneDrive\Documenten\GitHub\leaders_jersey\leaders_jersey\etl\load\load_startlist.py changed, reloading.
2025-04-16 15:31:18,151 [INFO] Watching for file changes with StatReloader
2025-04-16 15:32:37,234 [INFO] C:\Users\User\OneDrive\Documenten\GitHub\leaders_jersey\leaders_jersey\etl\load\load_startlist.py changed, reloading.
2025-04-16 15:32:38,647 [INFO] Watching for file changes with StatReloader
